<?xml version="1.0" encoding="UTF-8"?>
<!-- Generated by org.testng.reporters.JUnitReportReporter -->
<testsuite skipped="0" hostname="DESKTOP-OMPQAGK" name="com.citi.automation.framework.testcase.TS001" tests="1" failures="0" timestamp="08 Oct 2018 06:47:48 GMT" time="66.874" errors="0">
  <testcase name="register" time="66.874" classname="com.citi.automation.framework.testcase.TS001"/>
</testsuite> <!-- com.citi.automation.framework.testcase.TS001 -->
